OpenROAD v2.0-23696-g199d0fad55 
Features included (+) or not (-): +GPU +GUI +Python
This program is licensed under the BSD-3 license. See the LICENSE file for details.
Components of this program may be licensed under more restrictive licenses which must be honored.
define_corners Typical
read_liberty -corner Typical /home/divya/pdk/volare/sky130/versions/bdc9412b3e468c102d01b7cf6337be06ec6e9c9a/sky130A/libs.ref/sky130_fd_sc_hd/lib/sky130_fd_sc_hd__tt_025C_1v80.lib
Using 1e-12 for capacitance...
Using 1e+03 for resistance...
Using 1e-09 for time...
Using 1e+00 for voltage...
Using 1e-03 for current...
Using 1e-09 for power...
Using 1e-06 for distance...
[INFO ODB-0227] LEF file: /home/divya/RISCV-iot-crypto-SoC/openlane/top/runs/full_run/tmp/merged.nom.lef, created 13 layers, 25 vias, 441 library cells
Reading netlist '/home/divya/RISCV-iot-crypto-SoC/openlane/top/runs/full_run/results/synthesis/top.v'…
Reading design constraints file at '/home/divya/RISCV-iot-crypto-SoC/openlane/top/top.sdc'…
[INFO IFP-0001] Added 65 rows of 388 site unithd.
[INFO IFP-0030] Inserted 0 tiecells using sky130_fd_sc_hd__conb_1/LO.
[INFO IFP-0030] Inserted 0 tiecells using sky130_fd_sc_hd__conb_1/HI.
[INFO] Extracting DIE_AREA and CORE_AREA from the floorplan
[INFO] Floorplanned on a die area of 0.0 0.0 189.73 200.45 (microns). Saving to /home/divya/RISCV-iot-crypto-SoC/openlane/top/runs/full_run/reports/floorplan/3-initial_fp_die_area.rpt.
[INFO] Floorplanned on a core area of 5.52 10.88 184.0 187.68 (microns). Saving to /home/divya/RISCV-iot-crypto-SoC/openlane/top/runs/full_run/reports/floorplan/3-initial_fp_core_area.rpt.
Writing OpenROAD database to '/home/divya/RISCV-iot-crypto-SoC/openlane/top/runs/full_run/tmp/floorplan/3-initial_fp.odb'…
Writing layout to '/home/divya/RISCV-iot-crypto-SoC/openlane/top/runs/full_run/tmp/floorplan/3-initial_fp.def'…
Writing timing constraints to '/home/divya/RISCV-iot-crypto-SoC/openlane/top/runs/full_run/tmp/floorplan/3-initial_fp.sdc'…
