OpenROAD v2.0-23696-g199d0fad55 
Features included (+) or not (-): +GPU +GUI +Python
This program is licensed under the BSD-3 license. See the LICENSE file for details.
Components of this program may be licensed under more restrictive licenses which must be honored.
define_corners Typical
read_liberty -corner Typical /home/divya/pdk/volare/sky130/versions/bdc9412b3e468c102d01b7cf6337be06ec6e9c9a/sky130A/libs.ref/sky130_fd_sc_hd/lib/sky130_fd_sc_hd__tt_025C_1v80.lib
Using 1e-12 for capacitance...
Using 1e+03 for resistance...
Using 1e-09 for time...
Using 1e+00 for voltage...
Using 1e-03 for current...
Using 1e-09 for power...
Using 1e-06 for distance...
[INFO]: Reading ODB at '/home/divya/RISCV-iot-crypto-SoC/openlane/top/runs/full_run/tmp/floorplan/5-tapcell.odb'…
Reading design constraints file at '/home/divya/RISCV-iot-crypto-SoC/openlane/top/top.sdc'…
[WARNING PDN-0211] Option -starts_with cannot be used with -followpins and will be ignored.
[INFO PDN-0001] Inserting grid: stdcell_grid
[INFO PSM-0040] All shapes on net VPWR are connected.
[INFO PSM-0040] All shapes on net VGND are connected.
Setting global connections for newly added cells…
Writing OpenROAD database to '/home/divya/RISCV-iot-crypto-SoC/openlane/top/runs/full_run/results/floorplan/top.odb'…
Writing layout to '/home/divya/RISCV-iot-crypto-SoC/openlane/top/runs/full_run/results/floorplan/top.def'…
