[ERROR]: during executing openroad script /home/divya/OpenLane/scripts/openroad/resizer_routing_design.tcl
[ERROR]: Log: runs/full_run/logs/routing/18-resizer_design.log
[ERROR]: Last 10 lines:
[INFO GRT-0088] Layer met2    Track-Pitch = 0.4600  line-2-Via Pitch: 0.3500
[INFO GRT-0088] Layer met3    Track-Pitch = 0.6800  line-2-Via Pitch: 0.6150
[INFO GRT-0088] Layer met4    Track-Pitch = 0.9200  line-2-Via Pitch: 1.0400
[INFO GRT-0088] Layer met5    Track-Pitch = 3.4000  line-2-Via Pitch: 3.1100
[INFO GRT-0003] Macros: 0
[INFO GRT-0004] Blockages: 2446
[INFO GRT-0019] Found 18 clock nets.
[ERROR GRT-0042] Pin clk does not have geometries in a valid routing layer.
Error: resizer_routing_design.tcl, 46 GRT-0042
child process exited abnormally

[ERROR]: Creating issue reproducible...
[ERROR]: Step 18 (routing) failed with error:
-code 1 -level 0 -errorstack {INNER {invokeStk1 throw_error} CALL {run_tcl_script -tool openroad -no_consume /home/divya/OpenLane/scripts/openroad/resizer_routing_design.tcl -indexed_log /home/divya/RISCV-iot-crypto-SoC/openlane/top/runs/full_run/logs/routing/18-resizer_design.log -save dir=/home/divya/RISCV-iot-crypto-SoC/openlane/top/runs/full_run/tmp/routing,def,sdc,odb,netlist,powered_netlist} CALL {run_openroad_script /home/divya/OpenLane/scripts/openroad/resizer_routing_design.tcl -indexed_log /home/divya/RISCV-iot-crypto-SoC/openlane/top/runs/full_run/logs/routing/18-resizer_design.log -save dir=/home/divya/RISCV-iot-crypto-SoC/openlane/top/runs/full_run/tmp/routing,def,sdc,odb,netlist,powered_netlist} CALL run_resizer_design_routing CALL run_routing CALL run_routing_step CALL {run_non_interactive_mode -design . -tag full_run -overwrite}} -errorcode NONE -errorinfo {
    while executing
"throw_error"
    (procedure "run_tcl_script" line 219)
    invoked from within
"run_tcl_script -tool openroad -no_consume {*}$args"
    (procedure "run_openroad_script" line 2)
    invoked from within
"run_openroad_script $::env(SCRIPTS_DIR)/openroad/resizer_routing_design.tcl -indexed_log $log -save "dir=$::env(routing_tmpfiles),def,sdc,odb,netlist,..."
    (procedure "run_resizer_design_routing" line 9)
    invoked from within
"run_resizer_design_routing"
    (procedure "run_routing" line 8)
    invoked from within
"run_routing"
    (procedure "run_routing_step" line 7)
    invoked from within
"run_routing_step"} -errorline 1
[ERROR]: Failed to create manufacturability and metric reports:
[ERROR]: Traceback (most recent call last):
  File "/home/divya/OpenLane/scripts/generate_reports.py", line 184, in <module>
    cli()
  File "/usr/lib/python3/dist-packages/click/core.py", line 1157, in __call__
    return self.main(*args, **kwargs)
           ^^^^^^^^^^^^^^^^^^^^^^^^^^
  File "/usr/lib/python3/dist-packages/click/core.py", line 1078, in main
    rv = self.invoke(ctx)
         ^^^^^^^^^^^^^^^^
  File "/usr/lib/python3/dist-packages/click/core.py", line 1434, in invoke
    return ctx.invoke(self.callback, **ctx.params)
           ^^^^^^^^^^^^^^^^^^^^^^^^^^^^^^^^^^^^^^^
  File "/usr/lib/python3/dist-packages/click/core.py", line 783, in invoke
    return __callback(*args, **kwargs)
           ^^^^^^^^^^^^^^^^^^^^^^^^^^^
  File "/home/divya/OpenLane/scripts/generate_reports.py", line 51, in cli
    report = Report(design, tag, design_name, params, run_path).get_report()
             ^^^^^^^^^^^^^^^^^^^^^^^^^^^^^^^^^^^^^^^^^^^^^^^^^^^^^^^^^^^^^^^
  File "/home/divya/OpenLane/scripts/report/report.py", line 809, in get_report
    *self.extract_all_values(),
     ^^^^^^^^^^^^^^^^^^^^^^^^^
  File "/home/divya/OpenLane/scripts/report/report.py", line 359, in extract_all_values
    power_report = Artifact(
                   ^^^^^^^^^
  File "/home/divya/OpenLane/scripts/report/report.py", line 62, in __init__
    self.pathname = matches[0]
                    ~~~~~~~^^^
IndexError: list index out of range
[ERROR]: Flow failed.
