OpenLane aaee3451602a95fa3477ab27ed714189df963cee
All rights reserved. (c) 2020-2023 Efabless Corporation and contributors.
Available under the Apache License, version 2.0. See the LICENSE file for more details.

[36m[INFO]: Using configuration in 'config.tcl'...[91m
[36m[INFO]: Process Design Kit: sky130A[91m
[36m[INFO]: PDK Root: /home/divya/pdk/volare/sky130/versions/bdc9412b3e468c102d01b7cf6337be06ec6e9c9a[91m
[36m[INFO]: Standard Cell Library: sky130_fd_sc_hd[91m
[36m[INFO]: Optimization Standard Cell Library: sky130_fd_sc_hd[91m
[36m[INFO]: Run Directory: /home/divya/RISCV-iot-crypto-SoC/openlane/top/runs/full_run[91m
[36m[INFO]: Removing existing /home/divya/RISCV-iot-crypto-SoC/openlane/top/runs/full_run...[91m
[36m[INFO]: Saving runtime environment...[91m
[36m[INFO]: Preparing LEF files for the nom corner...[91m
[36m[INFO]: Preparing LEF files for the min corner...[91m
[36m[INFO]: Preparing LEF files for the max corner...[91m
[36m[INFO]: Running linter (Verilator) (log: runs/full_run/logs/synthesis/linter.log)...[91m
[36m[INFO]: 0 errors found by linter[91m
[36m[INFO]: 0 warnings found by linter[91m
[STEP 1]
[36m[INFO]: Running Synthesis (log: runs/full_run/logs/synthesis/1-synthesis.log)...[91m
[STEP 2]
[36m[INFO]: Running Single-Corner Static Timing Analysis (log: runs/full_run/logs/synthesis/2-sta.log)...[91m
[STEP 3]
[36m[INFO]: Running Initial Floorplanning (log: runs/full_run/logs/floorplan/3-initial_fp.log)...[91m
[36m[INFO]: Floorplanned with width 178.48 and height 176.8.[91m
[STEP 4]
[36m[INFO]: Running IO Placement (log: runs/full_run/logs/floorplan/4-io.log)...[91m
[STEP 5]
[36m[INFO]: Running Tap/Decap Insertion (log: runs/full_run/logs/floorplan/5-tap.log)...[91m
[36m[INFO]: Power planning with power {VPWR} and ground {VGND}...[91m
[STEP 6]
[36m[INFO]: Generating PDN (log: runs/full_run/logs/floorplan/6-pdn.log)...[91m
[STEP 7]
[36m[INFO]: Running Global Placement (skip_io) (log: runs/full_run/logs/placement/6-global_skip_io.log)...[91m
[STEP 8]
[36m[INFO]: Running Single-Corner Static Timing Analysis (log: runs/full_run/logs/placement/8-gpl_sta.log)...[91m
[STEP 9]
[36m[INFO]: Running IO Placement (log: runs/full_run/logs/placement/9-io.log)...[91m
[STEP 10]
[36m[INFO]: Running Global Placement (log: runs/full_run/logs/placement/9-global.log)...[91m
[STEP 11]
[36m[INFO]: Running Single-Corner Static Timing Analysis (log: runs/full_run/logs/placement/11-gpl_sta.log)...[91m
[STEP 12]
[36m[INFO]: Running Placement Resizer Design Optimizations (log: runs/full_run/logs/placement/12-resizer.log)...[91m
[STEP 13]
[36m[INFO]: Running Detailed Placement (log: runs/full_run/logs/placement/13-detailed.log)...[91m
[STEP 14]
[36m[INFO]: Running Single-Corner Static Timing Analysis (log: runs/full_run/logs/placement/14-dpl_sta.log)...[91m
[STEP 15]
[36m[INFO]: Running Clock Tree Synthesis (log: runs/full_run/logs/cts/15-cts.log)...[91m
[STEP 16]
[36m[INFO]: Running Single-Corner Static Timing Analysis (log: runs/full_run/logs/cts/16-cts_sta.log)...[91m
[STEP 17]
[36m[INFO]: Running Placement Resizer Timing Optimizations (log: runs/full_run/logs/cts/17-resizer.log)...[91m
[STEP 18]
[36m[INFO]: Running Global Routing Resizer Design Optimizations (log: runs/full_run/logs/routing/18-resizer_design.log)...[91m
[31m[ERROR]: during executing openroad script /home/divya/OpenLane/scripts/openroad/resizer_routing_design.tcl[91m
[31m[ERROR]: Log: runs/full_run/logs/routing/18-resizer_design.log[91m
[31m[ERROR]: Last 10 lines:
[INFO GRT-0088] Layer met2    Track-Pitch = 0.4600  line-2-Via Pitch: 0.3500
[INFO GRT-0088] Layer met3    Track-Pitch = 0.6800  line-2-Via Pitch: 0.6150
[INFO GRT-0088] Layer met4    Track-Pitch = 0.9200  line-2-Via Pitch: 1.0400
[INFO GRT-0088] Layer met5    Track-Pitch = 3.4000  line-2-Via Pitch: 3.1100
[INFO GRT-0003] Macros: 0
[INFO GRT-0004] Blockages: 2446
[INFO GRT-0019] Found 18 clock nets.
[ERROR GRT-0042] Pin clk does not have geometries in a valid routing layer.
Error: resizer_routing_design.tcl, 46 GRT-0042
child process exited abnormally
[91m
[31m[ERROR]: Creating issue reproducible...[91m
[36m[INFO]: Saving runtime environment...[91m
[36m[INFO]: Reproducible packaged: Please tarball and upload 'runs/full_run/issue_reproducible' if you're going to submit an issue.[91m
[31m[ERROR]: Step 18 (routing) failed with error:
-code 1 -level 0 -errorstack {INNER {invokeStk1 throw_error} CALL {run_tcl_script -tool openroad -no_consume /home/divya/OpenLane/scripts/openroad/resizer_routing_design.tcl -indexed_log /home/divya/RISCV-iot-crypto-SoC/openlane/top/runs/full_run/logs/routing/18-resizer_design.log -save dir=/home/divya/RISCV-iot-crypto-SoC/openlane/top/runs/full_run/tmp/routing,def,sdc,odb,netlist,powered_netlist} CALL {run_openroad_script /home/divya/OpenLane/scripts/openroad/resizer_routing_design.tcl -indexed_log /home/divya/RISCV-iot-crypto-SoC/openlane/top/runs/full_run/logs/routing/18-resizer_design.log -save dir=/home/divya/RISCV-iot-crypto-SoC/openlane/top/runs/full_run/tmp/routing,def,sdc,odb,netlist,powered_netlist} CALL run_resizer_design_routing CALL run_routing CALL run_routing_step CALL {run_non_interactive_mode -design . -tag full_run -overwrite}} -errorcode NONE -errorinfo {
    while executing
"throw_error"
    (procedure "run_tcl_script" line 219)
    invoked from within
"run_tcl_script -tool openroad -no_consume {*}$args"
    (procedure "run_openroad_script" line 2)
    invoked from within
"run_openroad_script $::env(SCRIPTS_DIR)/openroad/resizer_routing_design.tcl -indexed_log $log -save "dir=$::env(routing_tmpfiles),def,sdc,odb,netlist,..."
    (procedure "run_resizer_design_routing" line 9)
    invoked from within
"run_resizer_design_routing"
    (procedure "run_routing" line 8)
    invoked from within
"run_routing"
    (procedure "run_routing_step" line 7)
    invoked from within
"run_routing_step"} -errorline 1[91m
[36m[INFO]: Saving current set of views in 'runs/full_run/results/final'...[91m
[36m[INFO]: Generating final set of reports...[91m
[31m[ERROR]: Failed to create manufacturability and metric reports:[91m
[31m[ERROR]: Traceback (most recent call last):
  File "/home/divya/OpenLane/scripts/generate_reports.py", line 184, in <module>
    cli()
  File "/usr/lib/python3/dist-packages/click/core.py", line 1157, in __call__
    return self.main(*args, **kwargs)
           ^^^^^^^^^^^^^^^^^^^^^^^^^^
  File "/usr/lib/python3/dist-packages/click/core.py", line 1078, in main
    rv = self.invoke(ctx)
         ^^^^^^^^^^^^^^^^
  File "/usr/lib/python3/dist-packages/click/core.py", line 1434, in invoke
    return ctx.invoke(self.callback, **ctx.params)
           ^^^^^^^^^^^^^^^^^^^^^^^^^^^^^^^^^^^^^^^
  File "/usr/lib/python3/dist-packages/click/core.py", line 783, in invoke
    return __callback(*args, **kwargs)
           ^^^^^^^^^^^^^^^^^^^^^^^^^^^
  File "/home/divya/OpenLane/scripts/generate_reports.py", line 51, in cli
    report = Report(design, tag, design_name, params, run_path).get_report()
             ^^^^^^^^^^^^^^^^^^^^^^^^^^^^^^^^^^^^^^^^^^^^^^^^^^^^^^^^^^^^^^^
  File "/home/divya/OpenLane/scripts/report/report.py", line 809, in get_report
    *self.extract_all_values(),
     ^^^^^^^^^^^^^^^^^^^^^^^^^
  File "/home/divya/OpenLane/scripts/report/report.py", line 359, in extract_all_values
    power_report = Artifact(
                   ^^^^^^^^^
  File "/home/divya/OpenLane/scripts/report/report.py", line 62, in __init__
    self.pathname = matches[0]
                    ~~~~~~~^^^
IndexError: list index out of range[91m
[36m[INFO]: Saving runtime environment...[91m
[31m[ERROR]: Flow failed.[91m
