OpenROAD v2.0-23696-g199d0fad55 
Features included (+) or not (-): +GPU +GUI +Python
This program is licensed under the BSD-3 license. See the LICENSE file for details.
Components of this program may be licensed under more restrictive licenses which must be honored.
define_corners Slowest Typical Fastest
read_liberty -corner Slowest /home/divya/pdk/volare/sky130/versions/bdc9412b3e468c102d01b7cf6337be06ec6e9c9a/sky130A/libs.ref/sky130_fd_sc_hd/lib/sky130_fd_sc_hd__ss_100C_1v60.lib
read_liberty -corner Typical /home/divya/pdk/volare/sky130/versions/bdc9412b3e468c102d01b7cf6337be06ec6e9c9a/sky130A/libs.ref/sky130_fd_sc_hd/lib/sky130_fd_sc_hd__tt_025C_1v80.lib
read_liberty -corner Fastest /home/divya/pdk/volare/sky130/versions/bdc9412b3e468c102d01b7cf6337be06ec6e9c9a/sky130A/libs.ref/sky130_fd_sc_hd/lib/sky130_fd_sc_hd__ff_n40C_1v95.lib
Using 1e-12 for capacitance...
Using 1e+03 for resistance...
Using 1e-09 for time...
Using 1e+00 for voltage...
Using 1e-03 for current...
Using 1e-09 for power...
Using 1e-06 for distance...
[INFO]: Reading ODB at '/home/divya/RISCV-iot-crypto-SoC/openlane/top/runs/full_run/tmp/placement/10-global.odb'…
Reading design constraints file at '/home/divya/RISCV-iot-crypto-SoC/openlane/top/top.sdc'…
[INFO]: Setting RC values...
[INFO RSZ-0027] Inserted 257 sky130_fd_sc_hd__clkdlybuf4s25_1 input buffers.
[INFO RSZ-0028] Inserted 129 sky130_fd_sc_hd__clkdlybuf4s25_1 output buffers.
Iteration |   Area    | Resized | Buffers | Nets repaired | Remaining
---------------------------------------------------------------------
        0 |     +0.0% |       0 |       0 |             0 |      1315
    final |     +0.0% |       0 |       0 |             0 |         0
---------------------------------------------------------------------
Placement Analysis
---------------------------------
total displacement      25800.7 u
average displacement       15.9 u
max displacement          100.3 u
original HPWL           68921.0 u
legalized HPWL          49241.7 u
delta HPWL                  -29 %

[INFO DPL-0020] Mirrored 317 instances
[INFO DPL-0021] HPWL before           49241.7 u
[INFO DPL-0022] HPWL after            48657.6 u
[INFO DPL-0023] HPWL delta               -1.2 %
Setting global connections for newly added cells…
Writing OpenROAD database to '/home/divya/RISCV-iot-crypto-SoC/openlane/top/runs/full_run/tmp/placement/12-resizer.odb'…
Writing netlist to '/home/divya/RISCV-iot-crypto-SoC/openlane/top/runs/full_run/tmp/placement/12-resizer.nl.v'…
Writing powered netlist to '/home/divya/RISCV-iot-crypto-SoC/openlane/top/runs/full_run/tmp/placement/12-resizer.pnl.v'…
Writing layout to '/home/divya/RISCV-iot-crypto-SoC/openlane/top/runs/full_run/tmp/placement/12-resizer.def'…
Writing timing constraints to '/home/divya/RISCV-iot-crypto-SoC/openlane/top/runs/full_run/tmp/placement/12-resizer.sdc'…
area_report

===========================================================================
report_design_area
============================================================================
Design area 11846 u^2 38% utilization.
area_report_end
