OpenROAD v2.0-23696-g199d0fad55 
Features included (+) or not (-): +GPU +GUI +Python
This program is licensed under the BSD-3 license. See the LICENSE file for details.
Components of this program may be licensed under more restrictive licenses which must be honored.
define_corners Typical
read_liberty -corner Typical /home/divya/pdk/volare/sky130/versions/bdc9412b3e468c102d01b7cf6337be06ec6e9c9a/sky130A/libs.ref/sky130_fd_sc_hd/lib/sky130_fd_sc_hd__tt_025C_1v80.lib
Using 1e-12 for capacitance...
Using 1e+03 for resistance...
Using 1e-09 for time...
Using 1e+00 for voltage...
Using 1e-03 for current...
Using 1e-09 for power...
Using 1e-06 for distance...
[INFO]: Reading ODB at '/home/divya/RISCV-iot-crypto-SoC/openlane/top/runs/full_run/tmp/placement/12-resizer.odb'…
Reading design constraints file at '/home/divya/RISCV-iot-crypto-SoC/openlane/top/top.sdc'…
Placement Analysis
---------------------------------
total displacement          0.0 u
average displacement        0.0 u
max displacement            0.0 u
original HPWL           48657.6 u
legalized HPWL          49241.7 u
delta HPWL                    1 %

[INFO DPL-0020] Mirrored 317 instances
[INFO DPL-0021] HPWL before           49241.7 u
[INFO DPL-0022] HPWL after            48657.6 u
[INFO DPL-0023] HPWL delta               -1.2 %
Setting global connections for newly added cells…
Writing OpenROAD database to '/home/divya/RISCV-iot-crypto-SoC/openlane/top/runs/full_run/results/placement/top.odb'…
Writing netlist to '/home/divya/RISCV-iot-crypto-SoC/openlane/top/runs/full_run/results/placement/top.nl.v'…
Writing powered netlist to '/home/divya/RISCV-iot-crypto-SoC/openlane/top/runs/full_run/results/placement/top.pnl.v'…
Writing layout to '/home/divya/RISCV-iot-crypto-SoC/openlane/top/runs/full_run/results/placement/top.def'…
